c:\users\media\source\repos\unipcemu\output\zlib-uwp\x64\debug\zlib-uwp\zlib.pdb
c:\users\media\source\repos\unipcemu\output\zlib-uwp\x64\debug\zlib-uwp\zlib.idb
c:\users\media\source\repos\unipcemu\objs\zlib-uwp\x64\debug\zutil.obj
c:\users\media\source\repos\unipcemu\objs\zlib-uwp\x64\debug\uncompr.obj
c:\users\media\source\repos\unipcemu\objs\zlib-uwp\x64\debug\trees.obj
c:\users\media\source\repos\unipcemu\objs\zlib-uwp\x64\debug\inftrees.obj
c:\users\media\source\repos\unipcemu\objs\zlib-uwp\x64\debug\inflate.obj
c:\users\media\source\repos\unipcemu\objs\zlib-uwp\x64\debug\inffast.obj
c:\users\media\source\repos\unipcemu\objs\zlib-uwp\x64\debug\infback.obj
c:\users\media\source\repos\unipcemu\objs\zlib-uwp\x64\debug\gzwrite.obj
c:\users\media\source\repos\unipcemu\objs\zlib-uwp\x64\debug\gzread.obj
c:\users\media\source\repos\unipcemu\objs\zlib-uwp\x64\debug\gzlib.obj
c:\users\media\source\repos\unipcemu\objs\zlib-uwp\x64\debug\gzclose.obj
c:\users\media\source\repos\unipcemu\objs\zlib-uwp\x64\debug\deflate.obj
c:\users\media\source\repos\unipcemu\objs\zlib-uwp\x64\debug\crc32.obj
c:\users\media\source\repos\unipcemu\objs\zlib-uwp\x64\debug\compress.obj
c:\users\media\source\repos\unipcemu\objs\zlib-uwp\x64\debug\adler32.obj
c:\users\media\source\repos\unipcemu\output\zlib-uwp\x64\debug\zlib-uwp\zlib.lib
c:\users\media\source\repos\unipcemu\objs\zlib-uwp\x64\debug\zlib1.res
c:\users\media\source\repos\unipcemu\objs\zlib-uwp\x64\debug\priconfig.xml
c:\users\media\source\repos\unipcemu\objs\zlib-uwp\x64\debug\priconfig.xml.intermediate
c:\users\media\source\repos\unipcemu\objs\zlib-uwp\x64\debug\unfiltered.layout.resfiles
c:\users\media\source\repos\unipcemu\objs\zlib-uwp\x64\debug\unfiltered.layout.resfiles.intermediate
c:\users\media\source\repos\unipcemu\objs\zlib-uwp\x64\debug\filtered.layout.resfiles
c:\users\media\source\repos\unipcemu\objs\zlib-uwp\x64\debug\filtered.layout.resfiles.intermediate
c:\users\media\source\repos\unipcemu\objs\zlib-uwp\x64\debug\excluded.layout.resfiles
c:\users\media\source\repos\unipcemu\objs\zlib-uwp\x64\debug\excluded.layout.resfiles.intermediate
c:\users\media\source\repos\unipcemu\objs\zlib-uwp\x64\debug\resources.resfiles
c:\users\media\source\repos\unipcemu\objs\zlib-uwp\x64\debug\resources.resfiles.intermediate
c:\users\media\source\repos\unipcemu\objs\zlib-uwp\x64\debug\pri.resfiles
c:\users\media\source\repos\unipcemu\objs\zlib-uwp\x64\debug\pri.resfiles.intermediate
c:\users\media\source\repos\unipcemu\output\zlib-uwp\x64\debug\zlib-uwp\zlib_uwp.pri
c:\users\media\source\repos\unipcemu\objs\zlib-uwp\x64\debug\qualifiers.txt
c:\users\media\source\repos\unipcemu\objs\zlib-uwp\x64\debug\qualifiers.txt.intermediate
c:\users\media\source\repos\unipcemu\objs\zlib-uwp\x64\debug\multiplequalifiersperdimensionfound.txt
c:\users\media\source\repos\unipcemu\objs\zlib-uwp\x64\debug\zlib-uwp.vcxproj.filelistabsolute.txt
c:\users\media\source\repos\unipcemu\objs\zlib-uwp\x64\debug\zlib-uwp.tlog\cl.command.1.tlog
c:\users\media\source\repos\unipcemu\objs\zlib-uwp\x64\debug\zlib-uwp.tlog\cl.read.1.tlog
c:\users\media\source\repos\unipcemu\objs\zlib-uwp\x64\debug\zlib-uwp.tlog\cl.write.1.tlog
c:\users\media\source\repos\unipcemu\objs\zlib-uwp\x64\debug\zlib-uwp.tlog\lib-link-cvtres.read.1.tlog
c:\users\media\source\repos\unipcemu\objs\zlib-uwp\x64\debug\zlib-uwp.tlog\lib-link-cvtres.write.1.tlog
c:\users\media\source\repos\unipcemu\objs\zlib-uwp\x64\debug\zlib-uwp.tlog\lib.command.1.tlog
c:\users\media\source\repos\unipcemu\objs\zlib-uwp\x64\debug\zlib-uwp.tlog\rc.command.1.tlog
c:\users\media\source\repos\unipcemu\objs\zlib-uwp\x64\debug\zlib-uwp.tlog\rc.read.1.tlog
c:\users\media\source\repos\unipcemu\objs\zlib-uwp\x64\debug\zlib-uwp.tlog\rc.write.1.tlog
c:\users\media\source\repos\unipcemu\objs\zlib-uwp\x64\debug\zlib-uwp.tlog\zlib-uwp.read.1u.tlog
c:\users\media\source\repos\unipcemu\objs\zlib-uwp\x64\debug\zlib-uwp.tlog\zlib-uwp.write.1u.tlog
