c:\users\media\source\repos\sdluni\sdlpop\x64\debug\vc143.pdb
c:\users\media\source\repos\sdluni\sdlpop\x64\debug\vc143.idb
c:\users\media\source\repos\sdluni\sdlpop\x64\debug\stb_vorbis.obj
c:\users\media\source\repos\sdluni\sdlpop\x64\debug\seg009.obj
c:\users\media\source\repos\sdluni\sdlpop\x64\debug\sdl_winrt_main_nonxaml.obj
c:\users\media\source\repos\sdluni\sdlpop\x64\debug\lighting.obj
c:\users\media\source\repos\sdluni\sdlpop\x64\debug\main.obj
c:\users\media\source\repos\sdluni\sdlpop\x64\debug\midi.obj
c:\users\media\source\repos\sdluni\sdlpop\x64\debug\replay.obj
c:\users\media\source\repos\sdluni\sdlpop\x64\debug\seg000.obj
c:\users\media\source\repos\sdluni\sdlpop\x64\debug\seg002.obj
c:\users\media\source\repos\sdluni\sdlpop\x64\debug\seg004.obj
c:\users\media\source\repos\sdluni\sdlpop\x64\debug\seg006.obj
c:\users\media\source\repos\sdluni\sdlpop\x64\debug\seg008.obj
c:\users\media\source\repos\sdluni\sdlpop\x64\debug\emu_main.obj
c:\users\media\source\repos\sdluni\sdlpop\x64\debug\errors.obj
c:\users\media\source\repos\sdluni\sdlpop\x64\debug\threads.obj
c:\users\media\source\repos\sdluni\sdlpop\x64\debug\gpu_emu.obj
c:\users\media\source\repos\sdluni\sdlpop\x64\debug\gpu_renderer.obj
c:\users\media\source\repos\sdluni\sdlpop\x64\debug\gpu_text.obj
c:\users\media\source\repos\sdluni\sdlpop\x64\debug\input.obj
c:\users\media\source\repos\sdluni\sdlpop\x64\debug\sound.obj
c:\users\media\source\repos\sdluni\sdlpop\x64\debug\exception.obj
c:\users\media\source\repos\sdluni\sdlpop\x64\debug\bmp.obj
c:\users\media\source\repos\sdluni\sdlpop\x64\debug\fifobuffer.obj
c:\users\media\source\repos\sdluni\sdlpop\x64\debug\highrestimer.obj
c:\users\media\source\repos\sdluni\sdlpop\x64\debug\locks.obj
c:\users\media\source\repos\sdluni\sdlpop\x64\debug\signedness.obj
c:\users\media\source\repos\sdluni\sdlpop\x64\debug\tcphelper.obj
c:\users\media\source\repos\sdluni\sdlpop\x64\debug\wave.obj
c:\users\media\source\repos\sdluni\sdlpop\x64\debug\cueimage.obj
c:\users\media\source\repos\sdluni\sdlpop\x64\debug\dynamicimage.obj
c:\users\media\source\repos\sdluni\sdlpop\x64\debug\io.obj
c:\users\media\source\repos\sdluni\sdlpop\x64\debug\port_mapper.obj
c:\users\media\source\repos\sdluni\sdlpop\x64\debug\bios.obj
c:\users\media\source\repos\sdluni\sdlpop\x64\debug\biosrom.obj
c:\users\media\source\repos\sdluni\sdlpop\x64\debug\initmem.obj
c:\users\media\source\repos\sdluni\sdlpop\x64\debug\cb_manager.obj
c:\users\media\source\repos\sdluni\sdlpop\x64\debug\cpu_execution.obj
c:\users\media\source\repos\sdluni\sdlpop\x64\debug\cpu_interrupts.obj
c:\users\media\source\repos\sdluni\sdlpop\x64\debug\cpu_stack.obj
c:\users\media\source\repos\sdluni\sdlpop\x64\debug\flags.obj
c:\users\media\source\repos\sdluni\sdlpop\x64\debug\modrm.obj
c:\users\media\source\repos\sdluni\sdlpop\x64\debug\opcodes0f_386.obj
c:\users\media\source\repos\sdluni\sdlpop\x64\debug\opcodes_386.obj
c:\users\media\source\repos\sdluni\sdlpop\x64\debug\opcodes_686.obj
c:\users\media\source\repos\sdluni\sdlpop\x64\debug\opcodes_80286.obj
c:\users\media\source\repos\sdluni\sdlpop\x64\debug\opcodes_necv30.obj
c:\users\media\source\repos\sdluni\sdlpop\x64\debug\paging.obj
c:\users\media\source\repos\sdluni\sdlpop\x64\debug\protection.obj
c:\users\media\source\repos\sdluni\sdlpop\x64\debug\unkop.obj
c:\users\media\source\repos\sdluni\sdlpop\x64\debug\emu_bios_post.obj
c:\users\media\source\repos\sdluni\sdlpop\x64\debug\emu_vga_bios.obj
c:\users\media\source\repos\sdluni\sdlpop\x64\debug\debug_files.obj
c:\users\media\source\repos\sdluni\sdlpop\x64\debug\debug_sound.obj
c:\users\media\source\repos\sdluni\sdlpop\x64\debug\gpu_debug.obj
c:\users\media\source\repos\sdluni\sdlpop\x64\debug\adlib.obj
c:\users\media\source\repos\sdluni\sdlpop\x64\debug\dma.obj
c:\users\media\source\repos\sdluni\sdlpop\x64\debug\ems.obj
c:\users\media\source\repos\sdluni\sdlpop\x64\debug\gameblaster.obj
c:\users\media\source\repos\sdluni\sdlpop\x64\debug\ide.obj
c:\users\media\source\repos\sdluni\sdlpop\x64\debug\joystick.obj
c:\users\media\source\repos\sdluni\sdlpop\x64\debug\mpu.obj
c:\users\media\source\repos\sdluni\sdlpop\x64\debug\parallel.obj
c:\users\media\source\repos\sdluni\sdlpop\x64\debug\pic.obj
c:\users\media\source\repos\sdluni\sdlpop\x64\debug\ppi.obj
c:\users\media\source\repos\sdluni\sdlpop\x64\debug\ps2_mouse.obj
c:\users\media\source\repos\sdluni\sdlpop\x64\debug\softdebugger.obj
c:\users\media\source\repos\sdluni\sdlpop\x64\debug\ssource.obj
c:\users\media\source\repos\sdluni\sdlpop\x64\debug\tseng.obj
c:\users\media\source\repos\sdluni\sdlpop\x64\debug\vga_attributecontroller.obj
c:\users\media\source\repos\sdluni\sdlpop\x64\debug\vga_cga_ntsc.obj
c:\users\media\source\repos\sdluni\sdlpop\x64\debug\vga_dac.obj
c:\users\media\source\repos\sdluni\sdlpop\x64\debug\vga_io.obj
c:\users\media\source\repos\sdluni\sdlpop\x64\debug\vga_precalcs.obj
c:\users\media\source\repos\sdluni\sdlpop\x64\debug\vga_sequencer_graphicsmode.obj
c:\users\media\source\repos\sdluni\sdlpop\x64\debug\vga_vram.obj
c:\users\media\source\repos\sdluni\sdlpop\x64\debug\xtexpansionunit.obj
c:\users\media\source\repos\sdluni\sdlpop\x64\debug\interrupt10_modelist_vga.obj
c:\users\media\source\repos\sdluni\sdlpop\x64\debug\interrupt10_switchvideomode.obj
c:\users\media\source\repos\sdluni\sdlpop\x64\debug\interrupt10_videoparametertable.obj
c:\users\media\source\repos\sdluni\sdlpop\x64\debug\interrupt12.obj
c:\users\media\source\repos\sdluni\sdlpop\x64\debug\interrupt15.obj
c:\users\media\source\repos\sdluni\sdlpop\x64\debug\interrupt18.obj
c:\users\media\source\repos\sdluni\sdlpop\x64\debug\interrupt1a.obj
c:\users\media\source\repos\sdluni\sdlpop\x64\debug\mmuhandler.obj
c:\users\media\source\repos\sdluni\sdlpop\x64\debug\isoreader.obj
c:\users\media\source\repos\sdluni\sdlpop\x64\debug\mid.obj
c:\users\media\source\repos\sdluni\sdlpop\x64\debug\state.obj
c:\users\media\source\repos\sdluni\sdlpop\x64\debug\data.obj
c:\users\media\source\repos\sdluni\sdlpop\x64\debug\menu.obj
c:\users\media\source\repos\sdluni\sdlpop\x64\debug\opl3.obj
c:\users\media\source\repos\sdluni\sdlpop\x64\debug\options.obj
c:\users\media\source\repos\sdluni\sdlpop\x64\debug\screenshot.obj
c:\users\media\source\repos\sdluni\sdlpop\x64\debug\seg001.obj
c:\users\media\source\repos\sdluni\sdlpop\x64\debug\seg003.obj
c:\users\media\source\repos\sdluni\sdlpop\x64\debug\seg005.obj
c:\users\media\source\repos\sdluni\sdlpop\x64\debug\seg007.obj
c:\users\media\source\repos\sdluni\sdlpop\x64\debug\fopen64.obj
c:\users\media\source\repos\sdluni\sdlpop\x64\debug\emu_misc.obj
c:\users\media\source\repos\sdluni\sdlpop\x64\debug\number_optimizations.obj
c:\users\media\source\repos\sdluni\sdlpop\x64\debug\gpu.obj
c:\users\media\source\repos\sdluni\sdlpop\x64\debug\gpu_framerate.obj
c:\users\media\source\repos\sdluni\sdlpop\x64\debug\gpu_sdl.obj
c:\users\media\source\repos\sdluni\sdlpop\x64\debug\directorylist.obj
c:\users\media\source\repos\sdluni\sdlpop\x64\debug\keyboard.obj
c:\users\media\source\repos\sdluni\sdlpop\x64\debug\ps2_keyboard_data.obj
c:\users\media\source\repos\sdluni\sdlpop\x64\debug\crc32.obj
c:\users\media\source\repos\sdluni\sdlpop\x64\debug\filters.obj
c:\users\media\source\repos\sdluni\sdlpop\x64\debug\iniparser.obj
c:\users\media\source\repos\sdluni\sdlpop\x64\debug\log.obj
c:\users\media\source\repos\sdluni\sdlpop\x64\debug\sounddoublebuffer.obj
c:\users\media\source\repos\sdluni\sdlpop\x64\debug\timers.obj
c:\users\media\source\repos\sdluni\sdlpop\x64\debug\zalloc.obj
c:\users\media\source\repos\sdluni\sdlpop\x64\debug\dskimage.obj
c:\users\media\source\repos\sdluni\sdlpop\x64\debug\imdimage.obj
c:\users\media\source\repos\sdluni\sdlpop\x64\debug\port_io.obj
c:\users\media\source\repos\sdluni\sdlpop\x64\debug\staticimage.obj
c:\users\media\source\repos\sdluni\sdlpop\x64\debug\biosmenu.obj
c:\users\media\source\repos\sdluni\sdlpop\x64\debug\boot.obj
c:\users\media\source\repos\sdluni\sdlpop\x64\debug\biu.obj
c:\users\media\source\repos\sdluni\sdlpop\x64\debug\cpu.obj
c:\users\media\source\repos\sdluni\sdlpop\x64\debug\cpu_jmptbls.obj
c:\users\media\source\repos\sdluni\sdlpop\x64\debug\cpu_jmptbls0f.obj
c:\users\media\source\repos\sdluni\sdlpop\x64\debug\mmu.obj
c:\users\media\source\repos\sdluni\sdlpop\x64\debug\multitasking.obj
c:\users\media\source\repos\sdluni\sdlpop\x64\debug\opcodeinformation.obj
c:\users\media\source\repos\sdluni\sdlpop\x64\debug\opcodes_486.obj
c:\users\media\source\repos\sdluni\sdlpop\x64\debug\opcodes_586.obj
c:\users\media\source\repos\sdluni\sdlpop\x64\debug\opcodes_786.obj
c:\users\media\source\repos\sdluni\sdlpop\x64\debug\opcodes_8086.obj
c:\users\media\source\repos\sdluni\sdlpop\x64\debug\protecteddebugging.obj
c:\users\media\source\repos\sdluni\sdlpop\x64\debug\timings.obj
c:\users\media\source\repos\sdluni\sdlpop\x64\debug\emucore.obj
c:\users\media\source\repos\sdluni\sdlpop\x64\debug\emu_bios_sound.obj
c:\users\media\source\repos\sdluni\sdlpop\x64\debug\debugger.obj
c:\users\media\source\repos\sdluni\sdlpop\x64\debug\debug_graphics.obj
c:\users\media\source\repos\sdluni\sdlpop\x64\debug\runromverify.obj
c:\users\media\source\repos\sdluni\sdlpop\x64\debug\8042.obj
c:\users\media\source\repos\sdluni\sdlpop\x64\debug\cmos.obj
c:\users\media\source\repos\sdluni\sdlpop\x64\debug\dram.obj
c:\users\media\source\repos\sdluni\sdlpop\x64\debug\floppy.obj
c:\users\media\source\repos\sdluni\sdlpop\x64\debug\i430fx.obj
c:\users\media\source\repos\sdluni\sdlpop\x64\debug\inboard.obj
c:\users\media\source\repos\sdluni\sdlpop\x64\debug\adsr.obj
c:\users\media\source\repos\sdluni\sdlpop\x64\debug\mididevice.obj
c:\users\media\source\repos\sdluni\sdlpop\x64\debug\modem.obj
c:\users\media\source\repos\sdluni\sdlpop\x64\debug\pci.obj
c:\users\media\source\repos\sdluni\sdlpop\x64\debug\pit.obj
c:\users\media\source\repos\sdluni\sdlpop\x64\debug\ps2_keyboard.obj
c:\users\media\source\repos\sdluni\sdlpop\x64\debug\sermouse.obj
c:\users\media\source\repos\sdluni\sdlpop\x64\debug\soundblaster.obj
c:\users\media\source\repos\sdluni\sdlpop\x64\debug\uart.obj
c:\users\media\source\repos\sdluni\sdlpop\x64\debug\vga.obj
c:\users\media\source\repos\sdluni\sdlpop\x64\debug\vga_cga_mda.obj
c:\users\media\source\repos\sdluni\sdlpop\x64\debug\vga_crtcontroller.obj
c:\users\media\source\repos\sdluni\sdlpop\x64\debug\vga_dacrenderer.obj
c:\users\media\source\repos\sdluni\sdlpop\x64\debug\vga_mmu.obj
c:\users\media\source\repos\sdluni\sdlpop\x64\debug\vga_renderer.obj
c:\users\media\source\repos\sdluni\sdlpop\x64\debug\vga_sequencer_textmode.obj
c:\users\media\source\repos\sdluni\sdlpop\x64\debug\vga_vramtext.obj
c:\users\media\source\repos\sdluni\sdlpop\x64\debug\interrupt10.obj
c:\users\media\source\repos\sdluni\sdlpop\x64\debug\interrupt10_romfont.obj
c:\users\media\source\repos\sdluni\sdlpop\x64\debug\interrupt10_textmodedata.obj
c:\users\media\source\repos\sdluni\sdlpop\x64\debug\interrupt11.obj
c:\users\media\source\repos\sdluni\sdlpop\x64\debug\interrupt13.obj
c:\users\media\source\repos\sdluni\sdlpop\x64\debug\interrupt16.obj
c:\users\media\source\repos\sdluni\sdlpop\x64\debug\interrupt19.obj
c:\users\media\source\repos\sdluni\sdlpop\x64\debug\interrupt5.obj
c:\users\media\source\repos\sdluni\sdlpop\x64\debug\unkint.obj
c:\users\media\source\repos\sdluni\sdlpop\x64\debug\dro.obj
c:\users\media\source\repos\sdluni\sdlpop\x64\debug\lba.obj
c:\users\media\source\repos\sdluni\sdlpop\x64\debug\sf2.obj
c:\users\media\source\repos\sdluni\sdlpop\x64\debug\seqtbl.obj
c:\users\media\source\repos\sdluni\sdlpop\x64\debug\unipcemuvs.res
c:\users\media\source\repos\sdluni\sdlpop\x64\debug\sdl2-winrtresources.res
c:\users\media\source\repos\sdluni\sdlpop\x64\debug\sdlpop.vcxproj.assemblyreference.cache
c:\users\media\source\repos\sdluni\x64\debug\sdlpop\sdlpop.pdb
c:\users\media\source\repos\sdluni\sdlpop\x64\debug\sdlpop.tlog\cl.command.1.tlog
c:\users\media\source\repos\sdluni\sdlpop\x64\debug\sdlpop.tlog\cl.read.1.tlog
c:\users\media\source\repos\sdluni\sdlpop\x64\debug\sdlpop.tlog\cl.write.1.tlog
c:\users\media\source\repos\sdluni\sdlpop\x64\debug\sdlpop.tlog\link-cvtres.read.1.tlog
c:\users\media\source\repos\sdluni\sdlpop\x64\debug\sdlpop.tlog\link-cvtres.write.1.tlog
c:\users\media\source\repos\sdluni\sdlpop\x64\debug\sdlpop.tlog\link.command.1.tlog
c:\users\media\source\repos\sdluni\sdlpop\x64\debug\sdlpop.tlog\link.read.1.tlog
c:\users\media\source\repos\sdluni\sdlpop\x64\debug\sdlpop.tlog\link.read.2.tlog
c:\users\media\source\repos\sdluni\sdlpop\x64\debug\sdlpop.tlog\link.write.1.tlog
c:\users\media\source\repos\sdluni\sdlpop\x64\debug\sdlpop.tlog\rc.command.1.tlog
c:\users\media\source\repos\sdluni\sdlpop\x64\debug\sdlpop.tlog\rc.read.1.tlog
c:\users\media\source\repos\sdluni\sdlpop\x64\debug\sdlpop.tlog\rc.write.1.tlog
